app/build/outputs/logs/manifest-merger-debug-report.txt
-- Merging decision tree log ---
manifest
ADDED from src/main/AndroidManifest.xml:2:1-54:12
	package
		ADDED from src/main/AndroidManifest.xml:3:5-62
		INJECTED from src/main/AndroidManifest.xml
		INJECTED from src/main/AndroidManifest.xml
	android:versionName
		INJECTED from src/main/AndroidManifest.xml
		INJECTED from src/main/AndroidManifest.xml
	xmlns:android
		ADDED from src/main/AndroidManifest.xml:2:11-69
	android:versionCode
		INJECTED from src/main/AndroidManifest.xml
		INJECTED from src/main/AndroidManifest.xml
	android:installLocation
		ADDED from src/main/AndroidManifest.xml:4:5-35
uses-feature#android.hardware.camera
ADDED from src/main/AndroidManifest.xml:6:5-60
	android:name
		ADDED from src/main/AndroidManifest.xml:6:19-57
uses-permission#android.permission.CAMERA
ADDED from src/main/AndroidManifest.xml:8:5-65
	android:name
		ADDED from src/main/AndroidManifest.xml:8:22-62
uses-permission#android.permission.READ_EXTERNAL_STORAGE
ADDED from src/main/AndroidManifest.xml:9:5-79
	android:name
		ADDED from src/main/AndroidManifest.xml:9:22-77
uses-permission#android.permission.WRITE_EXTERNAL_STORAGE
ADDED from src/main/AndroidManifest.xml:10:5-81
MERGED from [com.mlsdev.rximagepicker:library:1.3.1] AndroidManifest.xml:11:5-81
	android:name
		ADDED from src/main/AndroidManifest.xml:10:22-78
application
ADDED from src/main/AndroidManifest.xml:12:5-52:19
MERGED from [com.google.android.gms:play-services-vision:10.2.1] AndroidManifest.xml:4:5-19
MERGED from [com.google.android.gms:play-services-base:10.2.1] AndroidManifest.xml:18:5-20:19
MERGED from [com.google.android.gms:play-services-tasks:10.2.1] AndroidManifest.xml:4:5-19
MERGED from [com.google.android.gms:play-services-basement:10.2.1] AndroidManifest.xml:19:5-21:19
MERGED from [com.android.support:design:25.3.1] AndroidManifest.xml:29:5-20
MERGED from [com.android.support:transition:25.3.1] AndroidManifest.xml:26:5-20
MERGED from [com.mlsdev.rximagepicker:library:1.3.1] AndroidManifest.xml:13:5-21:19
MERGED from [com.android.support:appcompat-v7:25.3.1] AndroidManifest.xml:29:5-20
MERGED from [com.android.support:support-v4:25.3.1] AndroidManifest.xml:29:5-20
MERGED from [com.android.support:support-fragment:25.3.1] AndroidManifest.xml:29:5-20
MERGED from [com.android.support:support-media-compat:25.3.1] AndroidManifest.xml:29:5-20
MERGED from [com.android.support:support-core-ui:25.3.1] AndroidManifest.xml:29:5-20
MERGED from [com.android.support:support-core-utils:25.3.1] AndroidManifest.xml:29:5-20
MERGED from [com.android.support:animated-vector-drawable:25.3.1] AndroidManifest.xml:26:5-20
MERGED from [com.android.support:support-vector-drawable:25.3.1] AndroidManifest.xml:26:5-20
MERGED from [com.android.support:support-compat:25.3.1] AndroidManifest.xml:29:5-20
	android:supportsRtl
		ADDED from src/main/AndroidManifest.xml:18:9-35
	android:label
		ADDED from [com.mlsdev.rximagepicker:library:1.3.1] AndroidManifest.xml:15:9-41
	android:hardwareAccelerated
		ADDED from src/main/AndroidManifest.xml:16:9-43
	android:fullBackupContent
		ADDED from src/main/AndroidManifest.xml:15:9-42
	android:allowBackup
		ADDED from src/main/AndroidManifest.xml:14:9-35
	android:icon
		ADDED from src/main/AndroidManifest.xml:17:9-38
	android:theme
		ADDED from src/main/AndroidManifest.xml:19:9-47
	android:name
		ADDED from src/main/AndroidManifest.xml:13:9-40
meta-data#VEHICLE_DATABASE
ADDED from src/main/AndroidManifest.xml:20:9-22:43
	android:value
		ADDED from src/main/AndroidManifest.xml:22:13-40
	android:name
		ADDED from src/main/AndroidManifest.xml:21:13-44
meta-data#VERSION
ADDED from src/main/AndroidManifest.xml:23:9-25:33
	android:value
		ADDED from src/main/AndroidManifest.xml:25:13-30
	android:name
		ADDED from src/main/AndroidManifest.xml:24:13-35
meta-data#QUERY_LOG
ADDED from src/main/AndroidManifest.xml:26:9-28:36
	android:value
		ADDED from src/main/AndroidManifest.xml:28:13-33
	android:name
		ADDED from src/main/AndroidManifest.xml:27:13-37
meta-data#DOMAIN_PACKAGE_NAME
ADDED from src/main/AndroidManifest.xml:29:9-31:88
	android:value
		ADDED from src/main/AndroidManifest.xml:31:13-85
	android:name
		ADDED from src/main/AndroidManifest.xml:30:13-47
meta-data#com.google.android.gms.vision.DEPENDENCIES
ADDED from src/main/AndroidManifest.xml:32:9-34:35
	android:value
		ADDED from src/main/AndroidManifest.xml:34:13-32
	android:name
		ADDED from src/main/AndroidManifest.xml:33:13-70
activity#com.google.android.gms.samples.vision.ocrreader.MainActivity
ADDED from src/main/AndroidManifest.xml:36:9-45:20
	android:screenOrientation
		ADDED from src/main/AndroidManifest.xml:37:13-49
	android:label
		ADDED from src/main/AndroidManifest.xml:39:13-56
	android:name
		ADDED from src/main/AndroidManifest.xml:38:13-41
intent-filter#android.intent.action.MAIN+android.intent.category.LAUNCHER
ADDED from src/main/AndroidManifest.xml:40:13-44:29
action#android.intent.action.MAIN
ADDED from src/main/AndroidManifest.xml:41:17-69
	android:name
		ADDED from src/main/AndroidManifest.xml:41:25-66
category#android.intent.category.LAUNCHER
ADDED from src/main/AndroidManifest.xml:43:17-77
	android:name
		ADDED from src/main/AndroidManifest.xml:43:27-74
activity#com.google.android.gms.samples.vision.ocrreader.OcrCaptureActivity
ADDED from src/main/AndroidManifest.xml:46:9-48:59
	android:label
		ADDED from src/main/AndroidManifest.xml:48:13-56
	android:name
		ADDED from src/main/AndroidManifest.xml:47:13-47
activity#com.google.android.gms.samples.vision.ocrreader.VehicleListView.VehicleListActivity
ADDED from src/main/AndroidManifest.xml:49:9-51:76
	android:label
		ADDED from src/main/AndroidManifest.xml:50:13-56
	android:name
		ADDED from src/main/AndroidManifest.xml:51:13-64
uses-sdk
INJECTED from src/main/AndroidManifest.xml reason: use-sdk injection requested
MERGED from [com.google.android.gms:play-services-vision:10.2.1] AndroidManifest.xml:3:5-43
MERGED from [com.google.android.gms:play-services-base:10.2.1] AndroidManifest.xml:17:5-43
MERGED from [com.google.android.gms:play-services-tasks:10.2.1] AndroidManifest.xml:3:5-43
MERGED from [com.google.android.gms:play-services-basement:10.2.1] AndroidManifest.xml:17:5-43
MERGED from [com.android.support:design:25.3.1] AndroidManifest.xml:21:5-23:62
MERGED from [com.android.support:transition:25.3.1] AndroidManifest.xml:20:5-44
MERGED from [com.github.satyan:sugar:1.4] AndroidManifest.xml:7:5-9:41
MERGED from [com.android.support:recyclerview-v7:25.3.1] AndroidManifest.xml:20:5-43
MERGED from [com.mlsdev.rximagepicker:library:1.3.1] AndroidManifest.xml:7:5-9:41
MERGED from [io.reactivex:rxandroid:1.0.1] AndroidManifest.xml:19:5-43
MERGED from [com.android.support:appcompat-v7:25.3.1] AndroidManifest.xml:21:5-23:78
MERGED from [com.android.support:support-v4:25.3.1] AndroidManifest.xml:21:5-23:54
MERGED from [com.android.support:support-fragment:25.3.1] AndroidManifest.xml:21:5-23:60
MERGED from [com.android.support:support-media-compat:25.3.1] AndroidManifest.xml:21:5-23:63
MERGED from [com.android.support:support-core-ui:25.3.1] AndroidManifest.xml:21:5-23:58
MERGED from [com.android.support:support-core-utils:25.3.1] AndroidManifest.xml:21:5-23:61
MERGED from [com.android.support:animated-vector-drawable:25.3.1] AndroidManifest.xml:20:5-44
MERGED from [com.android.support:support-vector-drawable:25.3.1] AndroidManifest.xml:20:5-43
MERGED from [com.android.support:support-compat:25.3.1] AndroidManifest.xml:21:5-23:58
	tools:overrideLibrary
		ADDED from [com.android.support:design:25.3.1] AndroidManifest.xml:23:9-59
	android:targetSdkVersion
		INJECTED from src/main/AndroidManifest.xml
		INJECTED from src/main/AndroidManifest.xml
	android:minSdkVersion
		INJECTED from src/main/AndroidManifest.xml
		INJECTED from src/main/AndroidManifest.xml
activity#com.google.android.gms.common.api.GoogleApiActivity
ADDED from [com.google.android.gms:play-services-base:10.2.1] AndroidManifest.xml:19:9-172
	android:exported
		ADDED from [com.google.android.gms:play-services-base:10.2.1] AndroidManifest.xml:19:146-170
	android:theme
		ADDED from [com.google.android.gms:play-services-base:10.2.1] AndroidManifest.xml:19:86-145
	android:name
		ADDED from [com.google.android.gms:play-services-base:10.2.1] AndroidManifest.xml:19:19-85
meta-data#com.google.android.gms.version
ADDED from [com.google.android.gms:play-services-basement:10.2.1] AndroidManifest.xml:20:9-121
	android:value
		ADDED from [com.google.android.gms:play-services-basement:10.2.1] AndroidManifest.xml:20:66-119
	android:name
		ADDED from [com.google.android.gms:play-services-basement:10.2.1] AndroidManifest.xml:20:20-65
meta-data#android.support.VERSION
ADDED from [com.android.support:design:25.3.1] AndroidManifest.xml:25:5-27:34
MERGED from [com.android.support:transition:25.3.1] AndroidManifest.xml:22:5-24:34
MERGED from [com.android.support:recyclerview-v7:25.3.1] AndroidManifest.xml:22:5-24:34
MERGED from [com.android.support:appcompat-v7:25.3.1] AndroidManifest.xml:25:5-27:34
MERGED from [com.android.support:support-v4:25.3.1] AndroidManifest.xml:25:5-27:34
MERGED from [com.android.support:support-fragment:25.3.1] AndroidManifest.xml:25:5-27:34
MERGED from [com.android.support:support-media-compat:25.3.1] AndroidManifest.xml:25:5-27:34
MERGED from [com.android.support:support-core-ui:25.3.1] AndroidManifest.xml:25:5-27:34
MERGED from [com.android.support:support-core-utils:25.3.1] AndroidManifest.xml:25:5-27:34
MERGED from [com.android.support:animated-vector-drawable:25.3.1] AndroidManifest.xml:22:5-24:34
MERGED from [com.android.support:support-vector-drawable:25.3.1] AndroidManifest.xml:22:5-24:34
MERGED from [com.android.support:support-compat:25.3.1] AndroidManifest.xml:25:5-27:34
	android:value
		ADDED from [com.android.support:design:25.3.1] AndroidManifest.xml:27:9-31
	android:name
		ADDED from [com.android.support:design:25.3.1] AndroidManifest.xml:26:9-47
activity#com.mlsdev.rximagepicker.HiddenActivity
ADDED from [com.mlsdev.rximagepicker:library:1.3.1] AndroidManifest.xml:17:9-20:75
	android:launchMode
		ADDED from [com.mlsdev.rximagepicker:library:1.3.1] AndroidManifest.xml:19:13-43
	android:theme
		ADDED from [com.mlsdev.rximagepicker:library:1.3.1] AndroidManifest.xml:20:13-72
	android:name
		ADDED from [com.mlsdev.rximagepicker:library:1.3.1] AndroidManifest.xml:18:13-67